2025-10-29 09:49:39 INFO  c.complaint.system.MainApplication - Starting Citizen Complaint Management System
2025-10-29 09:49:40 INFO  com.zaxxer.hikari.HikariDataSource - ComplaintSystemPool - Starting...
2025-10-29 09:49:41 INFO  com.zaxxer.hikari.pool.HikariPool - ComplaintSystemPool - Added connection oracle.jdbc.driver.T4CConnection@5ea27225
2025-10-29 09:49:41 INFO  com.zaxxer.hikari.HikariDataSource - ComplaintSystemPool - Start completed.
2025-10-29 09:49:41 WARN  org.hibernate.orm.deprecation - HHH90000025: Oracle12cDialect does not need to be specified explicitly using 'hibernate.dialect' (remove the property setting and it will be selected by default)
2025-10-29 09:49:41 WARN  org.hibernate.orm.deprecation - HHH90000026: Oracle12cDialect has been deprecated; use org.hibernate.dialect.OracleDialect instead
2025-10-29 09:50:07 INFO  c.complaint.system.util.DataSeeder - Updated user: citizen
2025-10-29 09:50:07 INFO  c.complaint.system.util.DataSeeder - Updated user: official
2025-10-29 09:50:07 INFO  c.complaint.system.util.DataSeeder - Data seeding completed.
2025-10-29 09:50:08 INFO  c.complaint.system.util.SceneManager - CSS loaded successfully: file:/C:/Users/srisu/OneDrive/Desktop/DB_project%20-%20Copy/target/classes/css/styles.css
2025-10-29 09:50:18 INFO  c.complaint.system.util.SceneManager - CSS loaded successfully: file:/C:/Users/srisu/OneDrive/Desktop/DB_project%20-%20Copy/target/classes/css/styles.css
2025-10-29 09:52:24 INFO  c.complaint.system.util.SceneManager - CSS loaded successfully: file:/C:/Users/srisu/OneDrive/Desktop/DB_project%20-%20Copy/target/classes/css/styles.css
2025-10-29 09:52:51 INFO  c.complaint.system.util.SceneManager - CSS loaded successfully: file:/C:/Users/srisu/OneDrive/Desktop/DB_project%20-%20Copy/target/classes/css/styles.css
2025-10-29 09:52:51 INFO  c.c.s.controller.LoginController - User Happy123 logged in.
2025-10-29 09:54:00 INFO  c.complaint.system.util.SceneManager - CSS loaded successfully: file:/C:/Users/srisu/OneDrive/Desktop/DB_project%20-%20Copy/target/classes/css/styles.css
2025-10-29 09:54:19 INFO  c.complaint.system.util.SceneManager - CSS loaded successfully: file:/C:/Users/srisu/OneDrive/Desktop/DB_project%20-%20Copy/target/classes/css/styles.css
2025-10-29 09:54:19 INFO  c.c.s.controller.LoginController - User Admin123 logged in.
2025-10-29 10:00:19 INFO  c.complaint.system.MainApplication - Shutting down application
2025-10-29 10:00:19 INFO  com.zaxxer.hikari.HikariDataSource - ComplaintSystemPool - Shutdown initiated...
2025-10-29 10:00:19 INFO  com.zaxxer.hikari.HikariDataSource - ComplaintSystemPool - Shutdown completed.
2025-10-29 10:00:19 INFO  com.complaint.system.dao.BaseDAO - SessionFactory closed
2025-10-29 10:00:35 INFO  c.complaint.system.MainApplication - Starting Citizen Complaint Management System
2025-10-29 10:00:35 INFO  com.zaxxer.hikari.HikariDataSource - ComplaintSystemPool - Starting...
2025-10-29 10:00:36 INFO  com.zaxxer.hikari.pool.HikariPool - ComplaintSystemPool - Added connection oracle.jdbc.driver.T4CConnection@7727e65c
2025-10-29 10:00:36 INFO  com.zaxxer.hikari.HikariDataSource - ComplaintSystemPool - Start completed.
2025-10-29 10:00:36 WARN  org.hibernate.orm.deprecation - HHH90000025: Oracle12cDialect does not need to be specified explicitly using 'hibernate.dialect' (remove the property setting and it will be selected by default)
2025-10-29 10:00:36 WARN  org.hibernate.orm.deprecation - HHH90000026: Oracle12cDialect has been deprecated; use org.hibernate.dialect.OracleDialect instead
2025-10-29 10:00:42 INFO  c.complaint.system.util.DataSeeder - Updated user: citizen
2025-10-29 10:00:42 INFO  c.complaint.system.util.DataSeeder - Updated user: official
2025-10-29 10:00:42 INFO  c.complaint.system.util.DataSeeder - Data seeding completed.
2025-10-29 10:00:42 INFO  c.complaint.system.util.SceneManager - CSS loaded successfully: file:/C:/Users/srisu/OneDrive/Desktop/DB_project%20-%20Copy/target/classes/css/styles.css
2025-10-29 10:00:54 INFO  c.complaint.system.util.SceneManager - CSS loaded successfully: file:/C:/Users/srisu/OneDrive/Desktop/DB_project%20-%20Copy/target/classes/css/styles.css
2025-10-29 10:00:54 INFO  c.c.s.controller.LoginController - User Admin123 logged in.
2025-10-29 10:01:39 INFO  c.complaint.system.util.SceneManager - CSS loaded successfully: file:/C:/Users/srisu/OneDrive/Desktop/DB_project%20-%20Copy/target/classes/css/styles.css
2025-10-29 10:01:49 INFO  c.complaint.system.util.SceneManager - CSS loaded successfully: file:/C:/Users/srisu/OneDrive/Desktop/DB_project%20-%20Copy/target/classes/css/styles.css
2025-10-29 10:01:50 INFO  c.c.s.controller.LoginController - User Happy123 logged in.
2025-10-29 10:01:55 INFO  c.complaint.system.util.SceneManager - CSS loaded successfully: file:/C:/Users/srisu/OneDrive/Desktop/DB_project%20-%20Copy/target/classes/css/styles.css
2025-10-29 10:02:18 INFO  c.complaint.system.util.SceneManager - CSS loaded successfully: file:/C:/Users/srisu/OneDrive/Desktop/DB_project%20-%20Copy/target/classes/css/styles.css
2025-10-29 10:11:29 WARN  com.zaxxer.hikari.pool.HikariPool - ComplaintSystemPool - Thread starvation or clock leap detected (housekeeper delta=6m23s353ms17µs700ns).
2025-10-29 10:12:27 INFO  c.complaint.system.util.SceneManager - CSS loaded successfully: file:/C:/Users/srisu/OneDrive/Desktop/DB_project%20-%20Copy/target/classes/css/styles.css
2025-10-29 10:12:30 INFO  c.complaint.system.MainApplication - Shutting down application
2025-10-29 10:12:30 INFO  com.zaxxer.hikari.HikariDataSource - ComplaintSystemPool - Shutdown initiated...
2025-10-29 10:12:30 INFO  com.zaxxer.hikari.HikariDataSource - ComplaintSystemPool - Shutdown completed.
2025-10-29 10:12:30 INFO  com.complaint.system.dao.BaseDAO - SessionFactory closed
2025-10-29 10:40:51 INFO  c.complaint.system.MainApplication - Starting Citizen Complaint Management System
2025-10-29 10:40:52 INFO  com.zaxxer.hikari.HikariDataSource - ComplaintSystemPool - Starting...
2025-10-29 10:40:52 INFO  com.zaxxer.hikari.pool.HikariPool - ComplaintSystemPool - Added connection oracle.jdbc.driver.T4CConnection@7727e65c
2025-10-29 10:40:52 INFO  com.zaxxer.hikari.HikariDataSource - ComplaintSystemPool - Start completed.
2025-10-29 10:40:52 WARN  org.hibernate.orm.deprecation - HHH90000025: Oracle12cDialect does not need to be specified explicitly using 'hibernate.dialect' (remove the property setting and it will be selected by default)
2025-10-29 10:40:52 WARN  org.hibernate.orm.deprecation - HHH90000026: Oracle12cDialect has been deprecated; use org.hibernate.dialect.OracleDialect instead
2025-10-29 10:40:55 INFO  c.complaint.system.util.DataSeeder - Updated user: citizen
2025-10-29 10:40:55 INFO  c.complaint.system.util.DataSeeder - Updated user: official
2025-10-29 10:40:55 INFO  c.complaint.system.util.DataSeeder - Data seeding completed.
2025-10-29 10:40:55 INFO  c.complaint.system.util.SceneManager - CSS loaded successfully: file:/C:/Users/srisu/OneDrive/Desktop/DB_project%20-%20Copy/target/classes/css/styles.css
2025-10-29 10:58:41 INFO  c.complaint.system.MainApplication - Shutting down application
2025-10-29 10:58:41 INFO  com.zaxxer.hikari.HikariDataSource - ComplaintSystemPool - Shutdown initiated...
2025-10-29 10:58:41 INFO  com.zaxxer.hikari.HikariDataSource - ComplaintSystemPool - Shutdown completed.
2025-10-29 10:58:41 INFO  com.complaint.system.dao.BaseDAO - SessionFactory closed
2025-10-29 11:23:30 INFO  c.complaint.system.MainApplication - Starting Citizen Complaint Management System
2025-10-29 11:23:31 INFO  com.zaxxer.hikari.HikariDataSource - ComplaintSystemPool - Starting...
2025-10-29 11:23:31 INFO  com.zaxxer.hikari.pool.HikariPool - ComplaintSystemPool - Added connection oracle.jdbc.driver.T4CConnection@7727e65c
2025-10-29 11:23:31 INFO  com.zaxxer.hikari.HikariDataSource - ComplaintSystemPool - Start completed.
2025-10-29 11:23:31 WARN  org.hibernate.orm.deprecation - HHH90000025: Oracle12cDialect does not need to be specified explicitly using 'hibernate.dialect' (remove the property setting and it will be selected by default)
2025-10-29 11:23:31 WARN  org.hibernate.orm.deprecation - HHH90000026: Oracle12cDialect has been deprecated; use org.hibernate.dialect.OracleDialect instead
2025-10-29 11:23:33 INFO  c.complaint.system.util.DataSeeder - Updated user: citizen
2025-10-29 11:23:33 INFO  c.complaint.system.util.DataSeeder - Updated user: official
2025-10-29 11:23:33 INFO  c.complaint.system.util.DataSeeder - Data seeding completed.
2025-10-29 11:23:34 INFO  c.complaint.system.util.SceneManager - CSS loaded successfully: file:/C:/Users/srisu/OneDrive/Desktop/DB_project%20-%20Copy/target/classes/css/styles.css
2025-10-29 11:23:51 INFO  c.complaint.system.util.SceneManager - CSS loaded successfully: file:/C:/Users/srisu/OneDrive/Desktop/DB_project%20-%20Copy/target/classes/css/styles.css
2025-10-29 11:23:52 INFO  c.c.s.controller.LoginController - User Happy123 logged in.
2025-10-29 11:24:22 INFO  c.complaint.system.util.SceneManager - CSS loaded successfully: file:/C:/Users/srisu/OneDrive/Desktop/DB_project%20-%20Copy/target/classes/css/styles.css
2025-10-29 11:24:40 INFO  c.complaint.system.util.SceneManager - CSS loaded successfully: file:/C:/Users/srisu/OneDrive/Desktop/DB_project%20-%20Copy/target/classes/css/styles.css
2025-10-29 11:24:41 INFO  c.c.s.controller.LoginController - User Admin123 logged in.
2025-10-29 11:25:23 INFO  c.complaint.system.MainApplication - Shutting down application
2025-10-29 11:25:23 INFO  com.zaxxer.hikari.HikariDataSource - ComplaintSystemPool - Shutdown initiated...
2025-10-29 11:25:23 INFO  com.zaxxer.hikari.HikariDataSource - ComplaintSystemPool - Shutdown completed.
2025-10-29 11:25:23 INFO  com.complaint.system.dao.BaseDAO - SessionFactory closed
